nftset=/.linkedin.com/4#inet#fw4#vpn_domains
nftset=/linkedin.com/4#inet#fw4#vpn_domains
nftset=/.licdn.com/4#inet#fw4#vpn_domains
nftset=/licdn.com/4#inet#fw4#vpn_domains
nftset=/media.licdn.com/4#inet#fw4#vpn_domains
nftset=/static.licdn.com/4#inet#fw4#vpn_domains
nftset=/media-exp1.licdn.com/4#inet#fw4#vpn_domains
nftset=/static-exp1.licdn.com/4#inet#fw4#vpn_domains
nftset=/dms.licdn.com/4#inet#fw4#vpn_domains
nftset=/snap.licdn.com/4#inet#fw4#vpn_domains
nftset=/.lnkd.in/4#inet#fw4#vpn_domains
nftset=/lnkd.in/4#inet#fw4#vpn_domains
nftset=/.slideshare.net/4#inet#fw4#vpn_domains
nftset=/slideshare.net/4#inet#fw4#vpn_domains
nftset=/.lynda.com/4#inet#fw4#vpn_domains
nftset=/lynda.com/4#inet#fw4#vpn_domains
nftset=/.linkedin.cn/4#inet#fw4#vpn_domains
nftset=/linkedin.cn/4#inet#fw4#vpn_domains
nftset=/.licdn.cn/4#inet#fw4#vpn_domains
nftset=/licdn.cn/4#inet#fw4#vpn_domains
nftset=/.bizographics.com/4#inet#fw4#vpn_domains
nftset=/bizographics.com/4#inet#fw4#vpn_domains
nftset=/.oribi.io/4#inet#fw4#vpn_domains
nftset=/oribi.io/4#inet#fw4#vpn_domains
