nftset=/.twitter.com/4#inet#fw4#vpn_domains
nftset=/twitter.com/4#inet#fw4#vpn_domains
nftset=/.x.com/4#inet#fw4#vpn_domains
nftset=/x.com/4#inet#fw4#vpn_domains
nftset=/.t.co/4#inet#fw4#vpn_domains
nftset=/t.co/4#inet#fw4#vpn_domains
nftset=/.twimg.com/4#inet#fw4#vpn_domains
nftset=/twimg.com/4#inet#fw4#vpn_domains
nftset=/pbs.twimg.com/4#inet#fw4#vpn_domains
nftset=/video.twimg.com/4#inet#fw4#vpn_domains
nftset=/abs.twimg.com/4#inet#fw4#vpn_domains
nftset=/ton.twimg.com/4#inet#fw4#vpn_domains
nftset=/cdn.syndication.twimg.com/4#inet#fw4#vpn_domains
nftset=/.twttr.com/4#inet#fw4#vpn_domains
nftset=/twttr.com/4#inet#fw4#vpn_domains
nftset=/.twitter.co/4#inet#fw4#vpn_domains
nftset=/twitter.co/4#inet#fw4#vpn_domains
nftset=/.twitterinc.com/4#inet#fw4#vpn_domains
nftset=/twitterinc.com/4#inet#fw4#vpn_domains
nftset=/.twitteroauth.com/4#inet#fw4#vpn_domains
nftset=/twitteroauth.com/4#inet#fw4#vpn_domains
nftset=/.twitterstat.us/4#inet#fw4#vpn_domains
nftset=/twitterstat.us/4#inet#fw4#vpn_domains
nftset=/.twtrdns.net/4#inet#fw4#vpn_domains
nftset=/twtrdns.net/4#inet#fw4#vpn_domains
nftset=/.ads-twitter.com/4#inet#fw4#vpn_domains
nftset=/ads-twitter.com/4#inet#fw4#vpn_domains
nftset=/.pscp.tv/4#inet#fw4#vpn_domains
nftset=/pscp.tv/4#inet#fw4#vpn_domains
nftset=/.periscope.tv/4#inet#fw4#vpn_domains
nftset=/periscope.tv/4#inet#fw4#vpn_domains
nftset=/.tweetdeck.com/4#inet#fw4#vpn_domains
nftset=/tweetdeck.com/4#inet#fw4#vpn_domains
nftset=/vine.co/4#inet#fw4#vpn_domains
nftset=/.cms-twdigitalassets.com/4#inet#fw4#vpn_domains
nftset=/cms-twdigitalassets.com/4#inet#fw4#vpn_domains
nftset=/.x.ai/4#inet#fw4#vpn_domains
nftset=/x.ai/4#inet#fw4#vpn_domains
nftset=/.grok.com/4#inet#fw4#vpn_domains
nftset=/grok.com/4#inet#fw4#vpn_domains
nftset=/.ai.com/4#inet#fw4#vpn_domains
nftset=/ai.com/4#inet#fw4#vpn_domains
