nftset=/account.netflix.com/4#inet#fw4#vpn_domains
nftset=/api.netflix.com/4#inet#fw4#vpn_domains
nftset=/assets.nflxext.com/4#inet#fw4#vpn_domains
nftset=/browse.netflix.com/4#inet#fw4#vpn_domains
nftset=/help.netflix.com/4#inet#fw4#vpn_domains
nftset=/ipv4-c001-ort02-ix.1.oca.nflxvideo.net/4#inet#fw4#vpn_domains
nftset=/ipv4-c002-ort02-ix.1.oca.nflxvideo.net/4#inet#fw4#vpn_domains
nftset=/ipv4-c003-ort02-ix.1.oca.nflxvideo.net/4#inet#fw4#vpn_domains
nftset=/ipv4-c004-ort02-ix.1.oca.nflxvideo.net/4#inet#fw4#vpn_domains
nftset=/ipv4-c005-ort02-ix.1.oca.nflxvideo.net/4#inet#fw4#vpn_domains
nftset=/ipv4-c006-ort02-ix.1.oca.nflxvideo.net/4#inet#fw4#vpn_domains
nftset=/ipv4-c007-ort02-ix.1.oca.nflxvideo.net/4#inet#fw4#vpn_domains
nftset=/ipv4-c008-ort02-ix.1.oca.nflxvideo.net/4#inet#fw4#vpn_domains
nftset=/ipv4-c009-ort02-ix.1.oca.nflxvideo.net/4#inet#fw4#vpn_domains
nftset=/ipv4-c010-ort02-ix.1.oca.nflxvideo.net/4#inet#fw4#vpn_domains
nftset=/ipv4-c011-ort02-ix.1.oca.nflxvideo.net/4#inet#fw4#vpn_domains
nftset=/ipv4-c012-ort02-ix.1.oca.nflxvideo.net/4#inet#fw4#vpn_domains
nftset=/ipv4-c013-ort02-ix.1.oca.nflxvideo.net/4#inet#fw4#vpn_domains
nftset=/ipv4-c014-ort02-ix.1.oca.nflxvideo.net/4#inet#fw4#vpn_domains
nftset=/ipv4-c015-ort02-ix.1.oca.nflxvideo.net/4#inet#fw4#vpn_domains
nftset=/ipv4-c016-ort02-ix.1.oca.nflxvideo.net/4#inet#fw4#vpn_domains
nftset=/ipv4-c017-ort02-ix.1.oca.nflxvideo.net/4#inet#fw4#vpn_domains
nftset=/ipv4-c018-ort02-ix.1.oca.nflxvideo.net/4#inet#fw4#vpn_domains
nftset=/ipv4-c019-ort02-ix.1.oca.nflxvideo.net/4#inet#fw4#vpn_domains
nftset=/ipv4-c020-ort02-ix.1.oca.nflxvideo.net/4#inet#fw4#vpn_domains
nftset=/media.netflix.com/4#inet#fw4#vpn_domains
nftset=/netflix.ca/4#inet#fw4#vpn_domains
nftset=/netflix.co.uk/4#inet#fw4#vpn_domains
nftset=/netflix.com.au/4#inet#fw4#vpn_domains
nftset=/netflix.com.br/4#inet#fw4#vpn_domains
nftset=/netflix.com.mx/4#inet#fw4#vpn_domains
nftset=/netflix.com/4#inet#fw4#vpn_domains
nftset=/netflix.de/4#inet#fw4#vpn_domains
nftset=/netflix.dk/4#inet#fw4#vpn_domains
nftset=/netflix.es/4#inet#fw4#vpn_domains
nftset=/netflix.fi/4#inet#fw4#vpn_domains
nftset=/netflix.fr/4#inet#fw4#vpn_domains
nftset=/netflix.in/4#inet#fw4#vpn_domains
nftset=/netflix.it/4#inet#fw4#vpn_domains
nftset=/netflix.jp/4#inet#fw4#vpn_domains
nftset=/netflix.kr/4#inet#fw4#vpn_domains
nftset=/netflix.net/4#inet#fw4#vpn_domains
nftset=/netflix.nl/4#inet#fw4#vpn_domains
nftset=/netflix.no/4#inet#fw4#vpn_domains
nftset=/netflix.pl/4#inet#fw4#vpn_domains
nftset=/netflix.se/4#inet#fw4#vpn_domains
nftset=/netflixinvestor.com/4#inet#fw4#vpn_domains
nftset=/netflixstudios.com/4#inet#fw4#vpn_domains
nftset=/netflixstudios.net/4#inet#fw4#vpn_domains
nftset=/netflixstudios.org/4#inet#fw4#vpn_domains
nftset=/netflixstudios.tv/4#inet#fw4#vpn_domains
nftset=/netflixtechblog.com/4#inet#fw4#vpn_domains
nftset=/nflxext.com/4#inet#fw4#vpn_domains
nftset=/nflximg.com/4#inet#fw4#vpn_domains
nftset=/nflximg.net/4#inet#fw4#vpn_domains
nftset=/nflxsearch.net/4#inet#fw4#vpn_domains
nftset=/nflxso.net/4#inet#fw4#vpn_domains
nftset=/nflxvideo.com/4#inet#fw4#vpn_domains
nftset=/nflxvideo.net/4#inet#fw4#vpn_domains
nftset=/occ-0-1007-1361.1.nflxso.net/4#inet#fw4#vpn_domains
nftset=/occ-0-1009-1362.1.nflxso.net/4#inet#fw4#vpn_domains
nftset=/occ-0-1010-1363.1.nflxso.net/4#inet#fw4#vpn_domains
nftset=/occ-0-1011-1364.1.nflxso.net/4#inet#fw4#vpn_domains
nftset=/occ-0-1012-1365.1.nflxso.net/4#inet#fw4#vpn_domains
nftset=/occ-0-1013-1366.1.nflxso.net/4#inet#fw4#vpn_domains
nftset=/occ-0-1014-1367.1.nflxso.net/4#inet#fw4#vpn_domains
nftset=/occ-0-1015-1368.1.nflxso.net/4#inet#fw4#vpn_domains
nftset=/occ-0-1016-1369.1.nflxso.net/4#inet#fw4#vpn_domains
nftset=/occ-0-1017-1370.1.nflxso.net/4#inet#fw4#vpn_domains
nftset=/occ-0-1018-1371.1.nflxso.net/4#inet#fw4#vpn_domains
nftset=/occ-0-1019-1372.1.nflxso.net/4#inet#fw4#vpn_domains
nftset=/occ-0-1020-1373.1.nflxso.net/4#inet#fw4#vpn_domains
nftset=/occ-0-1021-1374.1.nflxso.net/4#inet#fw4#vpn_domains
nftset=/occ-0-1022-1375.1.nflxso.net/4#inet#fw4#vpn_domains
nftset=/occ-0-1023-1376.1.nflxso.net/4#inet#fw4#vpn_domains
nftset=/occ-0-1024-1377.1.nflxso.net/4#inet#fw4#vpn_domains
nftset=/occ-0-1025-1378.1.nflxso.net/4#inet#fw4#vpn_domains
nftset=/occ-0-1026-1379.1.nflxso.net/4#inet#fw4#vpn_domains
nftset=/occ-0-1027-1380.1.nflxso.net/4#inet#fw4#vpn_domains
nftset=/occ-0-1028-1381.1.nflxso.net/4#inet#fw4#vpn_domains
nftset=/occ-0-1029-1382.1.nflxso.net/4#inet#fw4#vpn_domains
nftset=/occ-0-1030-1383.1.nflxso.net/4#inet#fw4#vpn_domains
nftset=/occ-0-1031-1384.1.nflxso.net/4#inet#fw4#vpn_domains
nftset=/occ-0-1032-1385.1.nflxso.net/4#inet#fw4#vpn_domains
nftset=/occ-0-1033-1386.1.nflxso.net/4#inet#fw4#vpn_domains
nftset=/occ-0-1034-1387.1.nflxso.net/4#inet#fw4#vpn_domains
nftset=/occ-0-1035-1388.1.nflxso.net/4#inet#fw4#vpn_domains
nftset=/occ-0-1036-1389.1.nflxso.net/4#inet#fw4#vpn_domains
nftset=/occ-0-1037-1390.1.nflxso.net/4#inet#fw4#vpn_domains
nftset=/occ-0-1038-1391.1.nflxso.net/4#inet#fw4#vpn_domains
nftset=/occ-0-1039-1392.1.nflxso.net/4#inet#fw4#vpn_domains
nftset=/occ-0-1040-1393.1.nflxso.net/4#inet#fw4#vpn_domains
nftset=/play.netflix.com/4#inet#fw4#vpn_domains
nftset=/secure.netflix.com/4#inet#fw4#vpn_domains
nftset=/signup.netflix.com/4#inet#fw4#vpn_domains
nftset=/www.netflix.com/4#inet#fw4#vpn_domains
nftset=/www.netflix.net/4#inet#fw4#vpn_domains
nftset=/www1.netflix.com/4#inet#fw4#vpn_domains
nftset=/www2.netflix.com/4#inet#fw4#vpn_domains
nftset=/www3.netflix.com/4#inet#fw4#vpn_domains
